2020-12-23 21:32:15,817 INFO o.a.j.u.JMeterUtils: Setting Locale to en_EN
2020-12-23 21:32:15,830 INFO o.a.j.JMeter: Loading user properties from: /home/elmawardy/Downloads/jmeter/apache-jmeter-5.3/bin/user.properties
2020-12-23 21:32:15,831 INFO o.a.j.JMeter: Loading system properties from: /home/elmawardy/Downloads/jmeter/apache-jmeter-5.3/bin/system.properties
2020-12-23 21:32:15,832 INFO o.a.j.JMeter: Copyright (c) 1998-2020 The Apache Software Foundation
2020-12-23 21:32:15,832 INFO o.a.j.JMeter: Version 5.3
2020-12-23 21:32:15,832 INFO o.a.j.JMeter: java.version=1.8.0_275
2020-12-23 21:32:15,833 INFO o.a.j.JMeter: java.vm.name=OpenJDK 64-Bit Server VM
2020-12-23 21:32:15,833 INFO o.a.j.JMeter: os.name=Linux
2020-12-23 21:32:15,833 INFO o.a.j.JMeter: os.arch=amd64
2020-12-23 21:32:15,833 INFO o.a.j.JMeter: os.version=5.4.0-58-generic
2020-12-23 21:32:15,833 INFO o.a.j.JMeter: file.encoding=UTF-8
2020-12-23 21:32:15,833 INFO o.a.j.JMeter: java.awt.headless=true
2020-12-23 21:32:15,833 INFO o.a.j.JMeter: Max memory     =1073741824
2020-12-23 21:32:15,833 INFO o.a.j.JMeter: Available Processors =4
2020-12-23 21:32:15,838 INFO o.a.j.JMeter: Default Locale=English (EN)
2020-12-23 21:32:15,839 INFO o.a.j.JMeter: JMeter  Locale=English (EN)
2020-12-23 21:32:15,839 INFO o.a.j.JMeter: JMeterHome=/home/elmawardy/Downloads/jmeter/apache-jmeter-5.3
2020-12-23 21:32:15,839 INFO o.a.j.JMeter: user.dir  =/home/elmawardy/Projects/moodle-docker
2020-12-23 21:32:15,839 INFO o.a.j.JMeter: PWD       =/home/elmawardy/Projects/moodle-docker
2020-12-23 21:32:15,840 INFO o.a.j.JMeter: IP: 127.0.1.1 Name: elmawardy-Inspiron-5558 FullName: elmawardy-Inspiron-5558
2020-12-23 21:32:15,845 INFO o.a.j.s.FileServer: Default base='/home/elmawardy/Projects/moodle-docker'
2020-12-23 21:32:15,847 INFO o.a.j.s.FileServer: Set new base='/home/elmawardy/Projects/moodle-docker'
2020-12-23 21:32:15,972 INFO o.a.j.s.SaveService: Testplan (JMX) version: 2.2. Testlog (JTL) version: 2.2
2020-12-23 21:32:15,993 INFO o.a.j.s.SaveService: Using SaveService properties file encoding UTF-8
2020-12-23 21:32:15,999 INFO o.a.j.s.SaveService: Using SaveService properties version 5.0
2020-12-23 21:32:16,006 INFO o.a.j.s.SaveService: Loading file: /home/elmawardy/Projects/moodle-docker/quiz_stress_test.jmx
2020-12-23 21:32:16,047 INFO o.a.j.p.h.c.CookieManager: Settings: Delete null: true Check: true Allow variable: true Save: false Prefix: COOKIE_
2020-12-23 21:32:16,050 INFO o.a.j.p.h.c.CacheManager: Will only cache the following methods: [GET]
2020-12-23 21:32:16,079 INFO o.a.j.p.h.s.HTTPSamplerBase: Parser for text/html is org.apache.jmeter.protocol.http.parser.LagartoBasedHtmlParser
2020-12-23 21:32:16,079 INFO o.a.j.p.h.s.HTTPSamplerBase: Parser for application/xhtml+xml is org.apache.jmeter.protocol.http.parser.LagartoBasedHtmlParser
2020-12-23 21:32:16,080 INFO o.a.j.p.h.s.HTTPSamplerBase: Parser for application/xml is org.apache.jmeter.protocol.http.parser.LagartoBasedHtmlParser
2020-12-23 21:32:16,080 INFO o.a.j.p.h.s.HTTPSamplerBase: Parser for text/xml is org.apache.jmeter.protocol.http.parser.LagartoBasedHtmlParser
2020-12-23 21:32:16,080 INFO o.a.j.p.h.s.HTTPSamplerBase: Parser for text/vnd.wap.wml is org.apache.jmeter.protocol.http.parser.RegexpHTMLParser
2020-12-23 21:32:16,080 INFO o.a.j.p.h.s.HTTPSamplerBase: Parser for text/css is org.apache.jmeter.protocol.http.parser.CssParser
2020-12-23 21:32:16,166 INFO o.a.j.JMeter: Creating summariser <summary>
2020-12-23 21:32:16,171 INFO o.a.j.e.StandardJMeterEngine: Running the test!
2020-12-23 21:32:16,172 INFO o.a.j.s.SampleEvent: List of sample_variables: []
2020-12-23 21:32:16,172 INFO o.a.j.s.SampleEvent: List of sample_variables: []
2020-12-23 21:32:16,178 INFO o.a.j.e.u.CompoundVariable: Note: Function class names must contain the string: '.functions.'
2020-12-23 21:32:16,179 INFO o.a.j.e.u.CompoundVariable: Note: Function class names must not contain the string: '.gui.'
2020-12-23 21:32:16,572 INFO o.a.j.JMeter: Running test (1608751936572)
2020-12-23 21:32:16,607 INFO o.a.j.e.StandardJMeterEngine: Starting ThreadGroup: 1 : Thread Group
2020-12-23 21:32:16,608 INFO o.a.j.e.StandardJMeterEngine: Starting 10 threads for group Thread Group.
2020-12-23 21:32:16,608 INFO o.a.j.e.StandardJMeterEngine: Thread will continue on error
2020-12-23 21:32:16,608 INFO o.a.j.t.ThreadGroup: Starting thread group... number=1 threads=10 ramp-up=2 delayedStart=false
2020-12-23 21:32:16,661 INFO o.a.j.t.ThreadGroup: Started thread group number 1
2020-12-23 21:32:16,661 INFO o.a.j.e.StandardJMeterEngine: All thread groups have been started
2020-12-23 21:32:16,676 INFO o.a.j.s.SampleResult: Note: Sample TimeStamps are START times
2020-12-23 21:32:16,676 INFO o.a.j.s.SampleResult: sampleresult.default.encoding is set to ISO-8859-1
2020-12-23 21:32:16,676 INFO o.a.j.s.SampleResult: sampleresult.useNanoTime=true
2020-12-23 21:32:16,677 INFO o.a.j.s.SampleResult: sampleresult.nanoThreadSleep=5000
2020-12-23 21:32:16,680 INFO o.a.j.t.JMeterThread: Thread started: Thread Group 1-1
2020-12-23 21:32:16,682 INFO o.a.j.s.FileServer: Stored: /home/elmawardy/Projects/moodle-docker/moodle-seeder/createusers/creds.csv
2020-12-23 21:32:16,701 INFO o.a.j.p.h.s.HTTPHCAbstractImpl: Local host = elmawardy-Inspiron-5558
2020-12-23 21:32:16,707 INFO o.a.j.p.h.s.HTTPHC4Impl: HTTP request retry count = 0
2020-12-23 21:32:16,873 INFO o.a.j.t.JMeterThread: Thread started: Thread Group 1-2
2020-12-23 21:32:17,070 INFO o.a.j.t.JMeterThread: Thread started: Thread Group 1-3
2020-12-23 21:32:17,086 INFO o.a.j.p.h.p.BaseParser: Created org.apache.jmeter.protocol.http.parser.LagartoBasedHtmlParser
2020-12-23 21:32:17,165 INFO o.a.j.p.h.s.ResourcesDownloader: Creating ResourcesDownloader with keepalive_inseconds : 60
2020-12-23 21:32:17,268 INFO o.a.j.t.JMeterThread: Thread started: Thread Group 1-4
2020-12-23 21:32:17,397 INFO o.a.j.p.h.p.BaseParser: Created org.apache.jmeter.protocol.http.parser.CssParser
2020-12-23 21:32:17,462 INFO o.a.j.t.JMeterThread: Thread started: Thread Group 1-5
2020-12-23 21:32:17,588 WARN c.h.c.r.e.LoggingCSSParseErrorHandler: Browser compliant mode skipped CSS from [40:337] starting at token ';' until [40:353] to token ';' (based on com.helger.css.parser.ParseException: Encountered unexpected token: "*" "*"
    at line 40, column 338.

Was expecting one of:

    ";"
    "@bottom-center"
    "@bottom-left"
    "@bottom-left-corner"
    "@bottom-right"
    "@bottom-right-corner"
    "@charset"
    "@import"
    "@left-bottom"
    "@left-middle"
    "@left-top"
    "@media"
    "@namespace"
    "@page"
    "@right-bottom"
    "@right-middle"
    "@right-top"
    "@supports"
    "@top-center"
    "@top-left"
    "@top-left-corner"
    "@top-right"
    "@top-right-corner"
    "}"
    <AT_UNKNOWN>
    <FONTFACE_SYM>
    <IDENT>
    <KEYFRAMES_SYM>
    <S>
    <VIEWPORT_SYM>
)
2020-12-23 21:32:17,589 WARN c.h.c.r.e.LoggingCSSParseErrorHandler: Browser compliant mode skipped CSS from [40:358] starting at token ':' until [40:360] to token '}' (based on com.helger.css.parser.ParseException: Encountered unexpected token: "1" <NUMBER>
    at line 40, column 359.

Was expecting one of:

    ":"
    <FUNCTION_NTH>
    <IDENT>
)
2020-12-23 21:32:17,591 WARN c.h.c.r.e.LoggingCSSParseErrorHandler: Browser compliant mode skipped CSS from [40:1460] starting at token ';' until [40:1473] to token ';' (based on com.helger.css.parser.ParseException: Encountered unexpected token: "*" "*"
    at line 40, column 1461.

Was expecting one of:

    ";"
    "@bottom-center"
    "@bottom-left"
    "@bottom-left-corner"
    "@bottom-right"
    "@bottom-right-corner"
    "@charset"
    "@import"
    "@left-bottom"
    "@left-middle"
    "@left-top"
    "@media"
    "@namespace"
    "@page"
    "@right-bottom"
    "@right-middle"
    "@right-top"
    "@supports"
    "@top-center"
    "@top-left"
    "@top-left-corner"
    "@top-right"
    "@top-right-corner"
    "}"
    <AT_UNKNOWN>
    <FONTFACE_SYM>
    <IDENT>
    <KEYFRAMES_SYM>
    <S>
    <VIEWPORT_SYM>
)
2020-12-23 21:32:17,592 WARN c.h.c.r.e.LoggingCSSParseErrorHandler: Browser compliant mode skipped CSS from [40:1474] starting at token '*' until [40:1612] to token '}' (based on com.helger.css.parser.ParseException: Encountered unexpected token: "line-height" <IDENT>
    at line 40, column 1475.

Was expecting one of:

    "."
    ":"
    ":not("
    "["
    <COMMA>
    <HASH>
    <LBRACE>
    <S>
)
2020-12-23 21:32:17,666 INFO o.a.j.t.JMeterThread: Thread started: Thread Group 1-6
2020-12-23 21:32:17,864 INFO o.a.j.t.JMeterThread: Thread started: Thread Group 1-7
2020-12-23 21:32:18,050 INFO o.a.j.t.JMeterThread: Thread started: Thread Group 1-8
2020-12-23 21:32:18,238 INFO o.a.j.t.JMeterThread: Thread started: Thread Group 1-9
2020-12-23 21:32:18,435 INFO o.a.j.t.JMeterThread: Thread started: Thread Group 1-10
2020-12-23 21:32:21,037 WARN c.h.c.r.e.LoggingCSSParseErrorHandler: Browser compliant mode skipped CSS from [1:94467] starting at token ';' until [1:94483] to token ';' (based on com.helger.css.parser.ParseException: Encountered unexpected token: "*" "*"
    at line 1, column 94468.

Was expecting one of:

    ";"
    "@bottom-center"
    "@bottom-left"
    "@bottom-left-corner"
    "@bottom-right"
    "@bottom-right-corner"
    "@charset"
    "@import"
    "@left-bottom"
    "@left-middle"
    "@left-top"
    "@media"
    "@namespace"
    "@page"
    "@right-bottom"
    "@right-middle"
    "@right-top"
    "@supports"
    "@top-center"
    "@top-left"
    "@top-left-corner"
    "@top-right"
    "@top-right-corner"
    "}"
    <AT_UNKNOWN>
    <FONTFACE_SYM>
    <IDENT>
    <KEYFRAMES_SYM>
    <S>
    <VIEWPORT_SYM>
)
2020-12-23 21:32:21,038 WARN c.h.c.r.e.LoggingCSSParseErrorHandler: Browser compliant mode skipped CSS from [1:94488] starting at token ':' until [1:94571] to token '}' (based on com.helger.css.parser.ParseException: Encountered unexpected token: "1" <NUMBER>
    at line 1, column 94489.

Was expecting one of:

    ":"
    <FUNCTION_NTH>
    <IDENT>
)
2020-12-23 21:32:21,065 WARN c.h.c.r.e.LoggingCSSParseErrorHandler: [16:22821] Unexpected rule '@charset': charset rule in the middle of the file is not allowed!
2020-12-23 21:32:21,238 WARN c.h.c.r.e.LoggingCSSParseErrorHandler: Browser compliant mode skipped CSS from [28:76449] starting at token ':' until [28:76450] to token ';' (based on com.helger.css.parser.ParseException: Encountered unexpected token: ";" ";"
    at line 28, column 76450.

Was expecting one of:

    "+"
    "-"
    "["
    "and"
    "expression("
    "from"
    "inherit"
    "not"
    "only"
    "or"
    "to"
    <ANGLE_DEG>
    <ANGLE_GRAD>
    <ANGLE_RAD>
    <ANGLE_TURN>
    <CH>
    <DPCM>
    <DPI>
    <DPPX>
    <EM>
    <EX>
    <FR>
    <FREQ_HZ>
    <FREQ_KHZ>
    <FUNCTION>
    <FUNCTION_CALC>
    <HASH>
    <IDENT>
    <LENGTH_CM>
    <LENGTH_IN>
    <LENGTH_MM>
    <LENGTH_PC>
    <LENGTH_PT>
    <LENGTH_Q>
    <NUMBER>
    <PERCENTAGE>
    <PX>
    <REM>
    <S>
    <STRING1>
    <STRING2>
    <TIME_MS>
    <TIME_S>
    <URANGE>
    <URL>
    <VH>
    <VMAX>
    <VMIN>
    <VW>
)
2020-12-23 21:32:21,381 WARN c.h.c.r.e.LoggingCSSParseErrorHandler: Browser compliant mode skipped CSS from [28:295599] starting at token '}' until [28:295671] to token '}' (based on com.helger.css.parser.ParseException: Encountered unexpected token: "@media" "@media"
    at line 28, column 295600.

Was expecting one of:

    "from"
    "to"
    "}"
    <PERCENTAGE>
    <S>
)
2020-12-23 21:32:21,382 WARN c.h.c.r.e.LoggingCSSParseErrorHandler: Browser compliant mode skipped CSS from [28:295927] starting at token '}' until [28:296071] to token '}' (based on com.helger.css.parser.ParseException: Encountered unexpected token: "@media" "@media"
    at line 28, column 295928.

Was expecting one of:

    "from"
    "to"
    "}"
    <PERCENTAGE>
    <S>
)
2020-12-23 21:32:30,474 INFO o.a.j.r.Summariser: summary +     32 in 00:00:14 =    2.3/s Avg:  3698 Min:  1081 Max:  8458 Err:     0 (0.00%) Active: 10 Started: 10 Finished: 0
2020-12-23 21:32:57,891 INFO o.a.j.t.JMeterThread: Thread is done: Thread Group 1-4
2020-12-23 21:32:57,891 INFO o.a.j.t.JMeterThread: Thread finished: Thread Group 1-4
2020-12-23 21:32:58,800 INFO o.a.j.t.JMeterThread: Thread is done: Thread Group 1-6
2020-12-23 21:32:58,800 INFO o.a.j.t.JMeterThread: Thread finished: Thread Group 1-6
2020-12-23 21:33:01,015 INFO o.a.j.r.Summariser: summary +     47 in 00:00:31 =    1.5/s Avg:  1315 Min:   911 Max:  2062 Err:     0 (0.00%) Active: 8 Started: 10 Finished: 2
2020-12-23 21:33:01,016 INFO o.a.j.r.Summariser: summary =     79 in 00:00:44 =    1.8/s Avg:  2280 Min:   911 Max:  8458 Err:     0 (0.00%)
2020-12-23 21:33:07,895 INFO o.a.j.t.JMeterThread: Thread is done: Thread Group 1-3
2020-12-23 21:33:07,895 INFO o.a.j.t.JMeterThread: Thread finished: Thread Group 1-3
2020-12-23 21:33:13,233 INFO o.a.j.t.JMeterThread: Thread is done: Thread Group 1-9
2020-12-23 21:33:13,233 INFO o.a.j.t.JMeterThread: Thread finished: Thread Group 1-9
2020-12-23 21:33:16,173 INFO o.a.j.t.JMeterThread: Thread is done: Thread Group 1-10
2020-12-23 21:33:16,173 INFO o.a.j.t.JMeterThread: Thread finished: Thread Group 1-10
2020-12-23 21:33:16,233 INFO o.a.j.t.JMeterThread: Thread is done: Thread Group 1-2
2020-12-23 21:33:16,233 INFO o.a.j.t.JMeterThread: Thread finished: Thread Group 1-2
2020-12-23 21:33:19,209 INFO o.a.j.t.JMeterThread: Thread is done: Thread Group 1-1
2020-12-23 21:33:19,209 INFO o.a.j.t.JMeterThread: Thread finished: Thread Group 1-1
2020-12-23 21:33:20,594 INFO o.a.j.t.JMeterThread: Thread is done: Thread Group 1-8
2020-12-23 21:33:20,595 INFO o.a.j.t.JMeterThread: Thread finished: Thread Group 1-8
2020-12-23 21:33:23,389 INFO o.a.j.t.JMeterThread: Thread is done: Thread Group 1-7
2020-12-23 21:33:23,389 INFO o.a.j.t.JMeterThread: Thread finished: Thread Group 1-7
2020-12-23 21:33:23,491 INFO o.a.j.t.JMeterThread: Thread is done: Thread Group 1-5
2020-12-23 21:33:23,492 INFO o.a.j.t.JMeterThread: Thread finished: Thread Group 1-5
2020-12-23 21:33:23,492 INFO o.a.j.e.StandardJMeterEngine: Notifying test listeners of end of test
2020-12-23 21:33:23,493 INFO o.a.j.s.FileServer: Close: /home/elmawardy/Projects/moodle-docker/moodle-seeder/createusers/creds.csv
2020-12-23 21:33:23,494 INFO o.a.j.r.Summariser: summary +     31 in 00:00:22 =    1.4/s Avg:  1292 Min:   785 Max:  2537 Err:     1 (3.23%) Active: 0 Started: 10 Finished: 10
2020-12-23 21:33:23,495 INFO o.a.j.r.Summariser: summary =    110 in 00:01:07 =    1.6/s Avg:  2001 Min:   785 Max:  8458 Err:     1 (0.91%)
