2020-12-23 14:44:25,345 INFO o.a.j.u.JMeterUtils: Setting Locale to en_EN
2020-12-23 14:44:25,370 INFO o.a.j.JMeter: Loading user properties from: /home/elmawardy/Downloads/apache-jmeter-5.4/bin/user.properties
2020-12-23 14:44:25,372 INFO o.a.j.JMeter: Loading system properties from: /home/elmawardy/Downloads/apache-jmeter-5.4/bin/system.properties
2020-12-23 14:44:25,379 INFO o.a.j.JMeter: Copyright (c) 1998-2020 The Apache Software Foundation
2020-12-23 14:44:25,381 INFO o.a.j.JMeter: Version 5.4
2020-12-23 14:44:25,382 INFO o.a.j.JMeter: java.version=11.0.9.1
2020-12-23 14:44:25,382 INFO o.a.j.JMeter: java.vm.name=OpenJDK 64-Bit Server VM
2020-12-23 14:44:25,383 INFO o.a.j.JMeter: os.name=Linux
2020-12-23 14:44:25,384 INFO o.a.j.JMeter: os.arch=amd64
2020-12-23 14:44:25,386 INFO o.a.j.JMeter: os.version=5.4.0-56-generic
2020-12-23 14:44:25,387 INFO o.a.j.JMeter: file.encoding=UTF-8
2020-12-23 14:44:25,388 INFO o.a.j.JMeter: java.awt.headless=null
2020-12-23 14:44:25,388 INFO o.a.j.JMeter: Max memory     =1073741824
2020-12-23 14:44:25,388 INFO o.a.j.JMeter: Available Processors =4
2020-12-23 14:44:25,400 INFO o.a.j.JMeter: Default Locale=English (EN)
2020-12-23 14:44:25,401 INFO o.a.j.JMeter: JMeter  Locale=English (EN)
2020-12-23 14:44:25,402 INFO o.a.j.JMeter: JMeterHome=/home/elmawardy/Downloads/apache-jmeter-5.4
2020-12-23 14:44:25,403 INFO o.a.j.JMeter: user.dir  =/home/elmawardy/Projects/moodle-docker/moodle-seeder/createusers
2020-12-23 14:44:25,404 INFO o.a.j.JMeter: PWD       =/home/elmawardy/Projects/moodle-docker/moodle-seeder/createusers
2020-12-23 14:44:25,405 INFO o.a.j.JMeter: IP: 127.0.1.1 Name: Elmawardy-Dev FullName: Elmawardy-Dev
2020-12-23 14:44:25,629 INFO o.a.j.JMeter: Setting LAF to: com.github.weisj.darklaf.DarkLaf:com.github.weisj.darklaf.theme.DarculaTheme
2020-12-23 14:44:26,046 INFO o.a.j.JMeter: Loaded icon properties from org/apache/jmeter/images/icon.properties
2020-12-23 14:44:37,712 INFO o.a.j.s.FileServer: Default base='/home/elmawardy/Projects/moodle-docker/moodle-seeder/createusers'
2020-12-23 14:44:37,716 INFO o.a.j.g.a.Load: Loading file: /home/elmawardy/Downloads/student11_quiz.jmx
2020-12-23 14:44:37,716 INFO o.a.j.s.FileServer: Set new base='/home/elmawardy/Downloads'
2020-12-23 14:44:38,024 INFO o.a.j.s.SaveService: Testplan (JMX) version: 2.2. Testlog (JTL) version: 2.2
2020-12-23 14:44:38,046 INFO o.a.j.s.SaveService: Using SaveService properties version 5.0
2020-12-23 14:44:38,050 INFO o.a.j.s.SaveService: Using SaveService properties file encoding UTF-8
2020-12-23 14:44:38,052 INFO o.a.j.s.SaveService: Loading file: /home/elmawardy/Downloads/student11_quiz.jmx
2020-12-23 14:44:38,085 INFO o.a.j.p.h.c.CookieManager: Settings: Delete null: true Check: true Allow variable: true Save: false Prefix: COOKIE_
2020-12-23 14:44:38,088 INFO o.a.j.p.h.c.CacheManager: Will only cache the following methods: [GET]
2020-12-23 14:44:38,097 INFO o.a.j.p.h.s.HTTPSamplerBase: Parser for text/html is org.apache.jmeter.protocol.http.parser.LagartoBasedHtmlParser
2020-12-23 14:44:38,097 INFO o.a.j.p.h.s.HTTPSamplerBase: Parser for application/xhtml+xml is org.apache.jmeter.protocol.http.parser.LagartoBasedHtmlParser
2020-12-23 14:44:38,097 INFO o.a.j.p.h.s.HTTPSamplerBase: Parser for application/xml is org.apache.jmeter.protocol.http.parser.LagartoBasedHtmlParser
2020-12-23 14:44:38,097 INFO o.a.j.p.h.s.HTTPSamplerBase: Parser for text/xml is org.apache.jmeter.protocol.http.parser.LagartoBasedHtmlParser
2020-12-23 14:44:38,098 INFO o.a.j.p.h.s.HTTPSamplerBase: Parser for text/vnd.wap.wml is org.apache.jmeter.protocol.http.parser.RegexpHTMLParser
2020-12-23 14:44:38,098 INFO o.a.j.p.h.s.HTTPSamplerBase: Parser for text/css is org.apache.jmeter.protocol.http.parser.CssParser
2020-12-23 14:44:38,489 WARN o.a.j.g.a.Load: Unexpected error. java.lang.NullPointerException
java.lang.NullPointerException: null
	at java.util.ArrayDeque.addLast(ArrayDeque.java:304) ~[?:?]
	at java.util.ArrayDeque.add(ArrayDeque.java:495) ~[?:?]
	at org.apache.jmeter.gui.action.LoadRecentProject.updateRecentFileMenuItems(LoadRecentProject.java:125) ~[ApacheJMeter_core.jar:5.4]
	at org.apache.jmeter.gui.util.JMeterMenuBar.setProjectFileLoaded(JMeterMenuBar.java:144) ~[ApacheJMeter_core.jar:5.4]
	at org.apache.jmeter.gui.MainFrame.setProjectFileLoaded(MainFrame.java:330) ~[ApacheJMeter_core.jar:5.4]
	at org.apache.jmeter.gui.GuiPackage.setTestPlanFile(GuiPackage.java:732) ~[ApacheJMeter_core.jar:5.4]
	at org.apache.jmeter.gui.action.Load.loadProjectFile(Load.java:136) ~[ApacheJMeter_core.jar:5.4]
	at org.apache.jmeter.gui.action.Load.loadProjectFile(Load.java:101) ~[ApacheJMeter_core.jar:5.4]
	at org.apache.jmeter.gui.action.Load.doActionAfterCheck(Load.java:88) ~[ApacheJMeter_core.jar:5.4]
	at org.apache.jmeter.gui.action.AbstractActionWithNoRunningTest.doAction(AbstractActionWithNoRunningTest.java:44) ~[ApacheJMeter_core.jar:5.4]
	at org.apache.jmeter.gui.action.ActionRouter.performAction(ActionRouter.java:87) ~[ApacheJMeter_core.jar:5.4]
	at org.apache.jmeter.gui.action.ActionRouter.lambda$actionPerformed$0(ActionRouter.java:69) ~[ApacheJMeter_core.jar:5.4]
	at java.awt.event.InvocationEvent.dispatch(InvocationEvent.java:313) [?:?]
	at java.awt.EventQueue.dispatchEventImpl(EventQueue.java:770) [?:?]
	at java.awt.EventQueue$4.run(EventQueue.java:721) [?:?]
	at java.awt.EventQueue$4.run(EventQueue.java:715) [?:?]
	at java.security.AccessController.doPrivileged(Native Method) ~[?:?]
	at java.security.ProtectionDomain$JavaSecurityAccessImpl.doIntersectionPrivilege(ProtectionDomain.java:85) [?:?]
	at java.awt.EventQueue.dispatchEvent(EventQueue.java:740) [?:?]
	at java.awt.EventDispatchThread.pumpOneEventForFilters(EventDispatchThread.java:203) [?:?]
	at java.awt.EventDispatchThread.pumpEventsForFilter(EventDispatchThread.java:124) [?:?]
	at java.awt.EventDispatchThread.pumpEventsForHierarchy(EventDispatchThread.java:113) [?:?]
	at java.awt.EventDispatchThread.pumpEvents(EventDispatchThread.java:109) [?:?]
	at java.awt.EventDispatchThread.pumpEvents(EventDispatchThread.java:101) [?:?]
	at java.awt.EventDispatchThread.run(EventDispatchThread.java:90) [?:?]
2020-12-23 14:44:38,505 ERROR o.a.j.u.JMeterUtils: Unexpected error - see log for details
